537 0.00436499
1040 6.4514
1541 6.02437
2042 7.1261
2543 9.98592
3044 12.0487
3545 14.5804
4057 17.9379
4558 6.79792
5059 18.331
5560 21.4017
6061 19.3624
6562 21.4252
7067 15.023
7568 6.14157
8071 12.1409
8572 7.6418
9073 14.6273
9587 16.2908
10088 3.7037
10589 15.1195
11090 14.1827
11591 10.3141
12092 18.2606
12593 15.9868
13094 21.2142
13595 20.3
14096 23.5583
14597 22.6207
15098 27.5668
15599 24.1209
16100 22.2222
16631 13.0268
17132 9.6343
17633 12.1659
18134 11.4393
18635 16.315
19136 24.4491
19637 10.0328
20138 12.541
20639 21.5189
21140 21.4252
21641 14.932
22142 27.3323
22643 25.8087
23144 21.5658
23645 26.2775
24146 16.6901
24647 15.0258
25148 26.1837
25649 25.4102
26150 26.7003
26651 24.9882
27152 26.3947
27653 25.8087
28154 26.2541
28655 23.6286
29156 23.5818
29657 24.5663
30158 25.3164
30659 26.4416
31160 26.2306
31661 25.7149
32162 23.1129
32663 21.894
33164 22.48
33665 22.5504
34166 22.9723
34667 22.2691
35168 23.0426
35669 22.9723
36170 23.8162
36671 20.8392
37172 22.48
37673 23.2067
38174 22.5738
38675 23.4646
39176 23.277
39677 23.6286
40178 24.5429
40679 25.4102
41180 26.4885
41681 27.1214
42182 26.8401
42683 27.6371
43184 25.9728
43685 23.4177
44186 20.4172
44687 21.9878
45188 23.7459
45689 22.4566
46190 22.691
46691 23.3239
47192 22.691
47693 22.105
48194 23.6052
48695 23.277
49196 23.6286
49697 22.8082
50198 23.6052
50699 22.5269
51200 22.1284
51701 21.0736
52202 21.1204
52703 25.7149
53204 25.6211
53705 22.8082
54206 22.5035
54707 22.645
55208 23.2301
55709 23.4646
56210 21.9174
56711 21.2845
57212 25.2695
57713 25.1758
58214 27.4027
58715 26.2072
59216 23.7693
59717 26.3713
60218 26.2306
60719 27.2386
