558 0.00787097
1059 4.49584
1563 7.54387
2064 6.12407
2565 10.8072
3066 12.4163
3567 11.9359
4068 18.4931
4569 7.56503
5070 20.7978
5576 20.6637
6077 18.8285
6578 21.3982
7080 15.6272
7582 6.06394
8083 11.2875
8584 8.81386
9085 12.8726
9599 17.4394
10100 3.84255
10601 12.7285
11102 14.0013
11605 11.3622
12106 17.0041
12607 16.9793
13108 20.3175
13609 20.6297
14110 23.1274
14611 23.1274
15112 26.5857
15613 25.0967
16114 21.5183
16652 13.7541
17169 9.61164
17670 13.0887
18171 9.3182
18672 16.8592
19173 23.5356
19676 10.9077
20177 13.0647
20680 20.1889
21181 21.9986
21682 15.2021
22183 26.4416
22684 26.0333
23185 21.086
23686 26.5136
24187 15.4183
24688 18.9726
25189 25.8412
25690 24.7124
26191 26.5857
26692 25.7211
27193 25.7691
27694 25.7931
28195 26.4416
28696 23.7758
29197 23.0073
29698 24.6644
30199 25.4097
30700 26.5136
31201 25.8172
31702 25.7211
32203 22.8152
32704 21.8065
33205 22.7912
33706 22.0467
34207 22.8872
34708 22.527
35209 22.3349
35710 22.9833
36211 22.599
36712 21.4463
37213 21.6624
37714 22.9352
38215 22.9833
38716 21.9746
39217 22.6951
39718 23.0073
40219 24.04
40720 24.3522
41221 25.9372
41722 24.9766
42223 26.4656
42724 26.2975
43225 23.1034
43726 22.6471
44227 19.6691
44728 21.2781
45229 24.088
45730 21.6624
46231 22.7191
46733 22.8656
47234 22.9593
47735 22.4789
48236 22.3349
48737 23.8238
49238 24.04
49739 22.8152
50240 22.1667
50741 23.0553
51242 23.0313
51743 19.6691
52244 21.4222
52745 25.6491
53246 25.3849
53747 22.0707
54248 22.7431
54749 22.503
55250 22.3349
55751 22.7431
56252 20.5096
56753 20.5817
57254 24.9526
57755 24.088
58256 26.7538
58757 25.7211
59258 22.0707
59759 26.1534
60260 26.4416
60761 25.1447
