557 1.43627e-05
1060 0.0303459
1562 0.0183586
2063 0.0122635
2564 0.0183952
3065 0.0122635
3566 0.0183952
4077 6.2802
4578 7.45511
5079 16.4791
5580 20.0656
6081 17.8387
6582 21.2611
7087 14.9067
7588 5.71963
8091 12.5145
8592 8.22783
9093 12.5644
9607 16.2223
10108 3.4224
10609 14.721
11110 12.9864
11611 9.70462
12112 17.8152
12613 14.9797
13114 20.7219
13615 20.9798
14116 22.5269
14617 23.8396
15118 26.1134
15619 24.496
16120 21.0032
16651 12.9162
17168 9.40429
17669 12.8926
18170 8.81386
18671 17.8152
19172 22.48
19675 10.2264
20176 11.5096
20677 20.0656
21178 22.2456
21679 15.1898
22180 25.4571
22681 25.6915
23182 21.2377
23683 26.1603
24184 15.7993
24685 19.5265
25186 25.1992
25687 24.871
26188 25.9962
26689 25.4102
27190 25.9962
27691 25.293
28192 26.3713
28693 24.4022
29194 22.1284
29695 24.7304
30196 25.7157
30697 25.7383
31198 25.9024
31699 25.9024
32200 22.2456
32701 22.5035
33202 22.0347
33703 23.3708
34204 21.7534
34705 22.691
35206 19.5733
35707 22.4331
36208 23.0661
36709 21.4955
37210 21.5658
37711 22.4566
38212 22.7144
38713 22.3159
39214 22.902
39715 22.7144
40216 24.1912
40717 23.4646
41218 26.09
41719 25.2226
42220 26.3244
42721 25.5977
43222 23.488
43723 21.9878
44224 19.8312
44725 21.308
45226 24.285
45727 20.7688
46228 22.1519
46729 22.902
47230 22.4097
47731 22.5738
48232 23.1598
48733 23.3474
49234 24.074
49735 22.0112
50236 22.5269
50737 22.9723
51238 22.7379
51739 20.0422
52240 21.0032
52741 25.2226
53242 24.7069
53743 22.6676
54244 22.3863
54745 22.6207
55246 22.2456
55747 22.3159
56248 21.2377
56749 20.2766
57250 24.6601
57751 24.0271
58252 26.6994
58753 25.3867
59254 23.2067
59755 25.1758
60256 26.3009
60757 25.8556
