501 0.0136208
1002 17.404
1505 4.92762
2009 0.740063
2510 1.41694
3011 5.33154
3512 9.12607
4017 14.5345
4518 5.81186
5019 16.7631
5529 15.7832
6030 15.7064
6531 17.4836
7033 12.8469
7536 1.31563
8037 1.6571
8538 6.1721
9039 10.8312
9543 13.918
10044 3.26617
10545 4.01067
11046 10.0147
11547 8.23831
12048 13.9773
12549 14.8899
13050 16.4509
13551 18.1801
14052 18.3242
14553 19.501
15054 20.6297
15555 21.3742
16056 17.4836
16560 13.3689
17063 7.36751
17564 9.12607
18065 8.54968
18566 12.6564
19067 20.5096
19568 9.1741
20069 9.72647
20570 19.6451
21071 18.1321
21572 10.2068
22073 22.6951
22574 22.8872
23075 19.621
23576 21.6144
24077 15.8025
24578 13.4249
25079 22.1427
25580 20.5817
26081 22.8872
26582 21.7833
27083 22.0467
27584 23.9679
28085 22.1187
28586 21.8065
29087 21.3742
29588 20.9659
30089 23.0313
30590 22.599
31091 23.1994
31592 23.3675
32093 20.99
32594 20.2214
33095 20.99
33596 19.7411
34097 20.4856
34598 21.014
35099 21.038
35600 20.2695
36101 19.8132
36602 20.0053
37103 19.2848
37604 20.7978
38105 20.7738
38606 20.6297
39107 20.1974
39608 20.2214
40109 21.7825
40610 22.1908
41111 23.1034
41612 22.8392
42113 22.575
42614 23.5837
43115 20.3415
43616 21.038
44117 19.549
44618 17.9639
45119 20.5337
45620 18.3722
46121 20.3896
46622 20.1014
47123 20.2695
47624 20.4856
48125 19.621
48626 20.4856
49127 21.5423
49628 20.2935
50129 20.7738
50630 20.9419
51131 21.3262
51632 19.3569
52133 18.06
52634 22.4549
53135 22.0467
53636 20.1014
54137 20.1014
54638 20.2695
55139 20.8947
55640 20.6297
56141 19.2608
56642 18.108
57143 21.1821
