502 0.0518406
1003 16.9001
1504 5.03007
2005 5.75872
2506 9.66055
3007 11.7055
3508 14.4556
4009 17.7941
4510 5.92326
5011 22.0947
5513 19.8691
6014 17.1116
6515 20.8019
7019 15.8883
7521 4.85584
8022 11.6585
8523 7.23954
9024 13.3273
9549 16.1051
10050 3.43173
10551 16.524
11052 14.9257
11553 13.2098
12054 29.1705
12555 19.5091
13056 31.1911
13557 26.9367
14058 28.159
14559 30.4625
15060 33.1655
15561 24.0221
16062 22.1417
16563 13.0218
17065 10.8611
17566 13.2098
18067 13.0453
18568 15.1607
19069 28.9111
19570 13.6329
20071 11.5174
20572 21.037
21073 23.8341
21574 14.6906
22075 27.2658
22576 27.0542
23077 19.3681
23578 27.4303
24079 14.6671
24580 20.4493
25081 26.8427
25582 24.3512
26083 25.832
26584 25.1033
27085 26.3961
27586 25.8093
28087 25.5734
28588 24.1631
29089 22.7293
29590 24.2101
30091 24.9388
30592 26.7252
31093 25.785
31594 25.8085
32095 22.8939
32596 21.1075
33097 22.6118
33598 22.6118
34099 22.3297
34600 22.1652
35101 22.5648
35602 21.8596
36103 23.5755
36604 21.2485
37105 21.6481
37606 21.9772
38107 22.4473
38608 22.6118
39109 22.3062
39610 23.2229
40111 23.8576
40612 24.1396
41113 25.1503
41614 25.832
42115 26.02
42616 25.1738
43117 24.3042
43618 22.2827
44119 20.8254
44620 19.8852
45121 24.1631
45622 21.131
46123 21.8831
46624 22.7293
47125 22.6588
47626 22.7058
48127 22.4238
48628 23.9046
49129 24.0691
49630 22.1182
50131 22.7528
50632 22.6353
51133 22.9174
51634 21.2015
52135 20.0263
52636 25.2444
53137 25.3854
53638 21.8596
54139 22.7528
54640 22.5883
55141 22.2827
55642 23.1759
56143 19.9087
56644 20.5434
57145 23.9986
57646 24.2336
58147 26.6312
58648 25.3619
59149 22.9174
59650 25.7145
60151 25.738
60652 19.2837
