501 0.0254371
1004 11.9543
1506 6.01084
2010 5.48038
2511 10.3739
3013 11.9542
3514 13.9258
4016 18.6045
4517 6.46745
5018 23.2349
5521 20.7228
6022 18.9798
6523 21.0903
7028 14.5815
7529 4.0938
8032 12.4007
8533 7.71973
9034 13.6129
9548 17.7792
10049 1.6096
10550 13.5513
11053 14.8146
11554 9.45178
12055 19.0709
12556 16.3497
13057 20.9398
13558 20.5229
14059 23.4361
14560 24.5266
15061 25.4131
15562 25.1765
16063 21.8433
16592 13.4202
17093 7.22405
17594 12.7671
18095 9.16596
18596 17.283
19098 25.0515
19601 10.5933
20102 13.0619
20603 21.3901
21104 22.1771
21605 13.7386
22106 27.2425
22607 25.5872
23108 21.2319
23609 26.9775
24110 16.0211
24611 18.553
25112 26.9743
25613 23.9284
26114 27.2596
26615 25.1566
27116 26.2441
27617 25.4023
28118 27.6344
28619 23.6621
29120 22.8929
29621 24.5053
30122 25.6379
30623 26.7757
31124 25.3223
31625 26.151
32126 22.6327
32627 22.4301
33128 22.6454
33629 21.8917
34130 22.252
34631 22.8231
35132 21.5878
35633 22.7114
36134 23.546
36635 20.9787
37136 22.0365
37637 22.6126
38138 22.7332
38639 23.2122
39140 22.9206
39641 22.4983
40142 24.5961
40643 23.4972
41144 26.1502
41645 25.5714
42146 24.9575
42647 26.5014
43148 24.8346
43649 22.491
44151 20.2332
44652 21.0017
45153 24.5309
45654 22.0967
46155 22.4079
46656 22.6903
47157 23.1557
47658 23.287
48159 21.9871
48660 23.3148
49161 24.7737
49662 21.543
50163 23.3606
50664 22.2248
51166 24.0383
51667 20.7344
52168 20.9096
52669 24.8565
53170 26.6487
53671 21.4862
54172 23.2658
54673 22.7521
55174 21.1272
55675 23.7553
56176 20.7885
56677 20.1867
57178 24.5238
57679 25.1749
58180 26.5255
58681 25.3331
59182 21.8663
59683 25.9003
60184 26.4323
60685 25.5596
