501 0.0353373
1002 52.3339
1503 56.145
2004 56.0729
2505 56.7066
3006 56.6641
3507 57.0262
4008 55.8995
4509 55.2
5010 56.5553
5511 57.0282
6012 55.0219
6513 56.0397
7014 55.1271
7515 55.3451
8016 56.2244
8517 55.5132
9018 55.1935
9519 54.8831
10020 54.1979
10521 53.9761
11022 53.3775
11523 54.7521
12024 55.8088
12525 54.2569
13026 55.0281
13527 55.8678
14028 55.1289
14529 55.0975
15030 55.7848
15531 56.3445
16032 55.901
16533 55.4559
17034 54.9996
17535 55.0512
18036 54.5193
18537 55.0604
19038 56.3001
19539 55.7939
20040 55.0661
20541 54.6614
21042 55.0993
21543 53.7748
22044 53.9984
22545 53.9818
23046 54.1167
23547 52.7792
24048 53.4516
24549 53.422
25050 54.318
25551 54.2608
26052 54.401
26553 54.0278
27054 53.1448
27555 53.1892
28056 52.7679
28557 53.3443
29058 53.1282
29559 53.143
30060 53.7748
30561 52.9177
31062 53.0434
31563 52.9647
32064 52.3155
32565 53.0766
33066 52.1159
33567 53.0063
34068 52.9953
34569 53.1098
35070 52.4299
35571 51.9034
36072 51.3898
36573 49.827
37074 48.0018
37575 47.6175
38076 45.6705
38577 44.6413
39078 44.3422
39579 42.8514
40080 41.2847
40581 42.3562
41082 41.8279
41583 41.5768
42084 40.6291
42585 41.5195
43086 41.3458
43587 41.344
44088 41.5121
44589 40.4794
45090 42.6907
45591 41.2349
46092 44.0282
46593 43.9487
47094 45.5338
47595 46.5424
48096 45.2862
48597 46.3687
49098 46.0325
49599 45.0164
50100 45.9272
50601 44.3754
51102 43.823
51603 45.1051
52104 44.2313
52605 43.1672
53106 42.7183
53607 41.6432
54108 40.9541
54609 41.6082
55110 40.1856
55611 39.3931
56112 40.4406
56613 39.8974
57114 38.8629
57615 39.9271
58116 40.3611
58617 40.2891
59118 39.2084
59619 39.6389
